Content-Type: multipart/alternative;
 boundary="===============7219537477480283135=="
MIME-Version: 1.0
Subject: Your signup at example.com.
From: webmaster@localhost
To: ali@gmail.com
Date: Thu, 13 Sep 2018 10:19:35 -0000
Message-ID: <153683397505.3496.12775260168711644233@DESKTOP-CEBLTG5>

--===============7219537477480283135==
Content-Type: text/plain; charset="utf-8"
MIME-Version: 1.0
Content-Transfer-Encoding: 7bit

Dear ali,

Thank you for signing up at example.com.

To activate your account you should click on the link below:  
://example.com/activate/4a2d5710d43b985cbbeb971ae89546756be09943/

Thanks for using our site!  
Sincerely,  
example.com


--===============7219537477480283135==
Content-Type: text/html; charset="utf-8"
MIME-Version: 1.0
Content-Transfer-Encoding: 7bit


<html>
<body>
    <p>Dear ali,</p>
    <p>Thank you for signing up at example.com.</p>
    <p>
        To activate your account you should click on the link below:<br />
        ://example.com/activate/4a2d5710d43b985cbbeb971ae89546756be09943/
    </p>
    <p>
        Thanks for using our site!<br />
        Sincerely,<br />
        example.com
    </p>
</body>
</html>


--===============7219537477480283135==--

-------------------------------------------------------------------------------
