Content-Type: multipart/alternative;
 boundary="===============5448648306743256244=="
MIME-Version: 1.0
Subject: Your signup at example.com.
From: webmaster@localhost
To: jojo@moo.com
Date: Sun, 09 Sep 2018 07:47:16 -0000
Message-ID: <153647923617.6552.14050646547006952425@DESKTOP-CEBLTG5>

--===============5448648306743256244==
Content-Type: text/plain; charset="utf-8"
MIME-Version: 1.0
Content-Transfer-Encoding: 7bit

Dear JohnRain1,

Thank you for signing up at example.com.

To activate your account you should click on the link below:  
://example.com/activate/6a77faf9c51493156fc937f2cc1e1e25dae77761/

Thanks for using our site!  
Sincerely,  
example.com


--===============5448648306743256244==
Content-Type: text/html; charset="utf-8"
MIME-Version: 1.0
Content-Transfer-Encoding: 7bit


<html>
<body>
    <p>Dear JohnRain1,</p>
    <p>Thank you for signing up at example.com.</p>
    <p>
        To activate your account you should click on the link below:<br />
        ://example.com/activate/6a77faf9c51493156fc937f2cc1e1e25dae77761/
    </p>
    <p>
        Thanks for using our site!<br />
        Sincerely,<br />
        example.com
    </p>
</body>
</html>


--===============5448648306743256244==--

-------------------------------------------------------------------------------
