Content-Type: multipart/alternative;
 boundary="===============5569415438899633060=="
MIME-Version: 1.0
Subject: Your signup at example.com.
From: webmaster@localhost
To: hassan@gmail.com
Date: Thu, 04 Apr 2019 17:58:49 -0000
Message-ID: <155440072908.660.5759880186934488072@DESKTOP-CEBLTG5>

--===============5569415438899633060==
Content-Type: text/plain; charset="utf-8"
MIME-Version: 1.0
Content-Transfer-Encoding: 7bit

Dear hassan,

Thank you for signing up at example.com.

To activate your account you should click on the link below:  
://example.com/activate/e473208b3e4900e91abbf84a357a152b1af478be/

Thanks for using our site!  
Sincerely,  
example.com


--===============5569415438899633060==
Content-Type: text/html; charset="utf-8"
MIME-Version: 1.0
Content-Transfer-Encoding: 7bit


<html>
<body>
    <p>Dear hassan,</p>
    <p>Thank you for signing up at example.com.</p>
    <p>
        To activate your account you should click on the link below:<br />
        ://example.com/activate/e473208b3e4900e91abbf84a357a152b1af478be/
    </p>
    <p>
        Thanks for using our site!<br />
        Sincerely,<br />
        example.com
    </p>
</body>
</html>


--===============5569415438899633060==--

-------------------------------------------------------------------------------
