Content-Type: multipart/alternative;
 boundary="===============2168182425882797514=="
MIME-Version: 1.0
Subject: Your signup at example.com.
From: webmaster@localhost
To: mamad@goli.com
Date: Fri, 22 Feb 2019 06:47:50 -0000
Message-ID: <155081807085.5568.7009027756380013212@DESKTOP-CEBLTG5>

--===============2168182425882797514==
Content-Type: text/plain; charset="utf-8"
MIME-Version: 1.0
Content-Transfer-Encoding: 7bit

Dear mamad,

Thank you for signing up at example.com.

To activate your account you should click on the link below:  
://example.com/activate/d36aff8308d6391f68fb19eceef305c6267c0998/

Thanks for using our site!  
Sincerely,  
example.com


--===============2168182425882797514==
Content-Type: text/html; charset="utf-8"
MIME-Version: 1.0
Content-Transfer-Encoding: 7bit


<html>
<body>
    <p>Dear mamad,</p>
    <p>Thank you for signing up at example.com.</p>
    <p>
        To activate your account you should click on the link below:<br />
        ://example.com/activate/d36aff8308d6391f68fb19eceef305c6267c0998/
    </p>
    <p>
        Thanks for using our site!<br />
        Sincerely,<br />
        example.com
    </p>
</body>
</html>


--===============2168182425882797514==--

-------------------------------------------------------------------------------
