Content-Type: multipart/alternative;
 boundary="===============0543374863096027921=="
MIME-Version: 1.0
Subject: Your signup at example.com.
From: webmaster@localhost
To: ard@dalan.com
Date: Fri, 05 Apr 2019 18:52:17 -0000
Message-ID: <155449033718.6216.18157615867464000470@DESKTOP-CEBLTG5>

--===============0543374863096027921==
Content-Type: text/plain; charset="utf-8"
MIME-Version: 1.0
Content-Transfer-Encoding: 7bit

Dear ardalan,

Thank you for signing up at example.com.

To activate your account you should click on the link below:  
://example.com/activate/130c4cd370ca5e5885df51558e3a45cb22194b1e/

Thanks for using our site!  
Sincerely,  
example.com


--===============0543374863096027921==
Content-Type: text/html; charset="utf-8"
MIME-Version: 1.0
Content-Transfer-Encoding: 7bit


<html>
<body>
    <p>Dear ardalan,</p>
    <p>Thank you for signing up at example.com.</p>
    <p>
        To activate your account you should click on the link below:<br />
        ://example.com/activate/130c4cd370ca5e5885df51558e3a45cb22194b1e/
    </p>
    <p>
        Thanks for using our site!<br />
        Sincerely,<br />
        example.com
    </p>
</body>
</html>


--===============0543374863096027921==--

-------------------------------------------------------------------------------
