Content-Type: multipart/alternative;
 boundary="===============2087094094552307939=="
MIME-Version: 1.0
Subject: Your signup at example.com.
From: webmaster@localhost
To: zahra@goli.com
Date: Thu, 04 Apr 2019 18:01:29 -0000
Message-ID: <155440088939.660.1398527505142607421@DESKTOP-CEBLTG5>

--===============2087094094552307939==
Content-Type: text/plain; charset="utf-8"
MIME-Version: 1.0
Content-Transfer-Encoding: 7bit

Dear zahra,

Thank you for signing up at example.com.

To activate your account you should click on the link below:  
://example.com/activate/087b0785dba1263a8c177097caf323fdb49856f2/

Thanks for using our site!  
Sincerely,  
example.com


--===============2087094094552307939==
Content-Type: text/html; charset="utf-8"
MIME-Version: 1.0
Content-Transfer-Encoding: 7bit


<html>
<body>
    <p>Dear zahra,</p>
    <p>Thank you for signing up at example.com.</p>
    <p>
        To activate your account you should click on the link below:<br />
        ://example.com/activate/087b0785dba1263a8c177097caf323fdb49856f2/
    </p>
    <p>
        Thanks for using our site!<br />
        Sincerely,<br />
        example.com
    </p>
</body>
</html>


--===============2087094094552307939==--

-------------------------------------------------------------------------------
